<?xml version="1.0" encoding="UTF-8"?>
<!-- Generated by org.testng.reporters.JUnitXMLReporter -->
<testsuite ignored="4" hostname="DESKTOP-BUIJLGK" failures="5" tests="20" name="FirstTests" time="50.528" errors="0" timestamp="2025-04-14T21:07:17 GMT+02:00">
  <testcase classname="tests.LoginTest" name="testInValidLogin" time="6.219">
    <failure type="java.lang.AssertionError" message="Error message does not match for locked out user expected [😞: Username is required] but found [Epic sadface: Username is required]">
      <![CDATA[java.lang.AssertionError: Error message does not match for locked out user expected [😞: Username is required] but found [Epic sadface: Username is required]
at pages.LoginPage.login(LoginPage.java:42)
at tests.LoginTest.testInValidLogin(LoginTest.java:45)
at java.base/java.util.ArrayList.forEach(ArrayList.java:1597)
at tests.TestRunner.main(TestRunner.java:25)
... Removed 27 stack frames]]>
    </failure>
  </testcase> <!-- testInValidLogin -->
  <testcase classname="tests.LoginTest" name="testInValidLogin" time="0.77">
    <failure type="java.lang.AssertionError" message="Error message does not match for locked out user expected [😞: Password is required] but found [Epic sadface: Password is required]">
      <![CDATA[java.lang.AssertionError: Error message does not match for locked out user expected [😞: Password is required] but found [Epic sadface: Password is required]
at pages.LoginPage.login(LoginPage.java:42)
at tests.LoginTest.testInValidLogin(LoginTest.java:45)
at java.base/java.util.ArrayList.forEach(ArrayList.java:1597)
at tests.TestRunner.main(TestRunner.java:25)
... Removed 27 stack frames]]>
    </failure>
  </testcase> <!-- testInValidLogin -->
  <testcase classname="tests.LoginTest" name="testInValidLogin" time="0.855">
    <failure type="java.lang.AssertionError" message="Error message does not match for locked out user expected [😞: Username and password do not match any user in this service] but found [Epic sadface: Username and password do not match any user in this service]">
      <![CDATA[java.lang.AssertionError: Error message does not match for locked out user expected [😞: Username and password do not match any user in this service] but found [Epic sadface: Username and password do not match any user in this service]
at pages.LoginPage.login(LoginPage.java:42)
at tests.LoginTest.testInValidLogin(LoginTest.java:45)
at java.base/java.util.ArrayList.forEach(ArrayList.java:1597)
at tests.TestRunner.main(TestRunner.java:25)
... Removed 27 stack frames]]>
    </failure>
  </testcase> <!-- testInValidLogin -->
  <testcase classname="tests.LoginTest" name="testInValidLogin" time="0.715">
    <failure type="java.lang.AssertionError" message="Error message does not match for locked out user expected [😞: Username and password do not match any user in this service] but found [Epic sadface: Username and password do not match any user in this service]">
      <![CDATA[java.lang.AssertionError: Error message does not match for locked out user expected [😞: Username and password do not match any user in this service] but found [Epic sadface: Username and password do not match any user in this service]
at pages.LoginPage.login(LoginPage.java:42)
at tests.LoginTest.testInValidLogin(LoginTest.java:45)
at java.base/java.util.ArrayList.forEach(ArrayList.java:1597)
at tests.TestRunner.main(TestRunner.java:25)
... Removed 27 stack frames]]>
    </failure>
  </testcase> <!-- testInValidLogin -->
  <testcase classname="tests.LoginTest" name="testValidLogin" time="0.922"/>
  <testcase classname="tests.home.Navigation" name="navigateProducts" time="13.815"/>
  <testcase classname="tests.home.FiltrationTest" name="testNameSorting" time="2.322"/>
  <testcase classname="tests.home.FiltrationTest" name="testNameSorting" time="2.36"/>
  <testcase classname="tests.home.FiltrationTest" name="testPriceSorting" time="2.315"/>
  <testcase classname="tests.home.FiltrationTest" name="testPriceSorting" time="2.29"/>
  <testcase classname="tests.home.FooterTest" name="testFooter" time="0.495"/>
  <testcase classname="tests.home.FooterTest" name="testFooter" time="0.5"/>
  <testcase classname="tests.home.FooterTest" name="testFooter" time="0.611"/>
  <testcase classname="tests.home.AddToCart" name="addProductsToCart" time="9.154"/>
  <testcase classname="tests.home.AddToCart" name="VerifyCartCount" time="0.048"/>
  <testcase classname="tests.home.MenuTest" name="testOpenMenu" time="0.358"/>
  <testcase classname="tests.home.MenuTest" name="testSideBarLinks" time="0.315"/>
  <testcase classname="tests.home.MenuTest" name="testSideBarLinks" time="5.629"/>
  <testcase classname="tests.home.MenuTest" name="testSideBarLinks" time="0.339">
    <failure type="java.lang.AssertionError" message="&amp;apos;Remove&amp;apos; buttons should not be visible after removing all items. expected [true] but found [false]">
      <![CDATA[java.lang.AssertionError: 'Remove' buttons should not be visible after removing all items. expected [true] but found [false]
at pages.home.HomePage.sideBarLinks(HomePage.java:81)
at tests.home.MenuTest.testSideBarLinks(MenuTest.java:36)
at java.base/java.util.ArrayList.forEach(ArrayList.java:1597)
at tests.TestRunner.main(TestRunner.java:25)
... Removed 25 stack frames]]>
    </failure>
  </testcase> <!-- testSideBarLinks -->
  <testcase classname="tests.home.MenuTest" name="testSideBarLinks" time="0.296"/>
  <testcase classname="tests.home.MenuTest" name="testMenuExistAllPages" time="0.0">
    <ignored/>
  </testcase> <!-- testMenuExistAllPages -->
  <testcase classname="tests.LoginTest" name="testGotTOHomePage" time="0.0">
    <ignored/>
  </testcase> <!-- testGotTOHomePage -->
  <testcase classname="tests.home.MenuTest" name="testCloseMenu" time="0.0">
    <ignored/>
  </testcase> <!-- testCloseMenu -->
  <testcase classname="tests.home.AddToCart" name="verifyButtonsSwitchedToRemove" time="0.0">
    <ignored/>
  </testcase> <!-- verifyButtonsSwitchedToRemove -->
</testsuite> <!-- FirstTests -->
