<?xml version="1.0" encoding="UTF-8"?>
<!-- Generated by org.testng.reporters.JUnitXMLReporter -->
<testsuite ignored="6" hostname="DESKTOP-BUIJLGK" failures="3" tests="19" name="SecondTests" time="22.8" errors="0" timestamp="2025-04-14T02:41:04 GMT+02:00">
  <testcase classname="tests.LoginTest" name="testValidLogin" time="0.833"/>
  <testcase classname="tests.home.MenuTest" name="testOpenMenu" time="0.318"/>
  <testcase classname="tests.home.MenuTest" name="testCloseMenu" time="0.886"/>
  <testcase classname="tests.home.AddToCart" name="addProductsToCart" time="7.077"/>
  <testcase classname="tests.home.AddToCart" name="VerifyCartCount" time="0.042"/>
  <testcase classname="tests.YourCartTest" name="testGoToYourCart" time="0.205"/>
  <testcase classname="tests.YourCartTest" name="testClickOnContinueShopping" time="0.257"/>
  <testcase classname="tests.YourCartTest" name="testTitleOfAllProductInCart" time="2.887"/>
  <testcase classname="tests.YourCartTest" name="testClickOnCheckout" time="0.195"/>
  <testcase classname="tests.checkout.CheckOutInfoTest" name="testGoBack" time="0.239"/>
  <testcase classname="tests.checkout.CheckOutInfoTest" name="testInValidFormSubmission" time="1.227">
    <failure type="java.lang.AssertionError" message="Last Name error icon should NOT be visible expected [false] but found [true]">
      <![CDATA[java.lang.AssertionError: Last Name error icon should NOT be visible expected [false] but found [true]
at pages.checkout.CheckOutInfoPage.inValidFormSubmission(CheckOutInfoPage.java:82)
at tests.checkout.CheckOutInfoTest.testInValidFormSubmission(CheckOutInfoTest.java:49)
at java.base/java.util.ArrayList.forEach(ArrayList.java:1597)
at tests.TestRunner.main(TestRunner.java:25)
... Removed 25 stack frames]]>
    </failure>
  </testcase> <!-- testInValidFormSubmission -->
  <testcase classname="tests.checkout.CheckOutInfoTest" name="testInValidFormSubmission" time="1.288">
    <failure type="java.lang.AssertionError" message="First Name error icon should NOT be visible expected [false] but found [true]">
      <![CDATA[java.lang.AssertionError: First Name error icon should NOT be visible expected [false] but found [true]
at pages.checkout.CheckOutInfoPage.inValidFormSubmission(CheckOutInfoPage.java:76)
at tests.checkout.CheckOutInfoTest.testInValidFormSubmission(CheckOutInfoTest.java:49)
at java.base/java.util.ArrayList.forEach(ArrayList.java:1597)
at tests.TestRunner.main(TestRunner.java:25)
... Removed 25 stack frames]]>
    </failure>
  </testcase> <!-- testInValidFormSubmission -->
  <testcase classname="tests.checkout.CheckOutInfoTest" name="testInValidFormSubmission" time="1.241">
    <failure type="java.lang.AssertionError" message="First Name error icon should NOT be visible expected [false] but found [true]">
      <![CDATA[java.lang.AssertionError: First Name error icon should NOT be visible expected [false] but found [true]
at pages.checkout.CheckOutInfoPage.inValidFormSubmission(CheckOutInfoPage.java:76)
at tests.checkout.CheckOutInfoTest.testInValidFormSubmission(CheckOutInfoTest.java:49)
at java.base/java.util.ArrayList.forEach(ArrayList.java:1597)
at tests.TestRunner.main(TestRunner.java:25)
... Removed 25 stack frames]]>
    </failure>
  </testcase> <!-- testInValidFormSubmission -->
  <testcase classname="tests.checkout.CheckOutInfoTest" name="testInValidFormSubmission" time="1.094"/>
  <testcase classname="tests.checkout.CheckOutInfoTest" name="testValidFormSubmission" time="1.153"/>
  <testcase classname="tests.checkout.CheckOutOverViewTest" name="testClickOnCancelBTN" time="0.355"/>
  <testcase classname="tests.checkout.CheckOutOverViewTest" name="testCartCalculations" time="0.401"/>
  <testcase classname="tests.checkout.CheckOutOverViewTest" name="testTitleOfAllProductInCart" time="2.712"/>
  <testcase classname="tests.checkout.CheckOutOverViewTest" name="testClickOnFinishBTN" time="0.354"/>
  <testcase classname="tests.checkout.CheckOutInfoTest" name="testGoToCheckOut" time="0.0">
    <ignored/>
  </testcase> <!-- testGoToCheckOut -->
  <testcase classname="tests.home.MenuTest" name="testMenuExistAllPages" time="0.0">
    <ignored/>
  </testcase> <!-- testMenuExistAllPages -->
  <testcase classname="tests.LoginTest" name="testInValidLogin" time="0.0">
    <ignored/>
  </testcase> <!-- testInValidLogin -->
  <testcase classname="tests.LoginTest" name="testGotTOHomePage" time="0.0">
    <ignored/>
  </testcase> <!-- testGotTOHomePage -->
  <testcase classname="tests.home.MenuTest" name="testSideBarLinks" time="0.0">
    <ignored/>
  </testcase> <!-- testSideBarLinks -->
  <testcase classname="tests.YourCartTest" name="testRemoveCart" time="0.0">
    <ignored/>
  </testcase> <!-- testRemoveCart -->
</testsuite> <!-- SecondTests -->
