<?xml version="1.0" encoding="UTF-8"?>
<!-- Generated by org.testng.reporters.JUnitXMLReporter -->
<testsuite ignored="4" hostname="DESKTOP-BUIJLGK" failures="3" tests="7" name="Command line test" time="14.235" errors="0" timestamp="2025-04-11T21:10:23 GMT+02:00">
  <testcase classname="tests.LoginTest" name="testValidLogin" time="1.352"/>
  <testcase classname="tests.home.AddToCart" name="addProductsToCart" time="7.292"/>
  <testcase classname="tests.checkout.CheckOutInfoTest" name="test" time="0.535"/>
  <testcase classname="tests.checkout.CheckOutInfoTest" name="testInValidFormSubmission" time="1.687">
    <failure type="java.lang.AssertionError" message="Last Name error icon should NOT be visible expected [false] but found [true]">
      <![CDATA[java.lang.AssertionError: Last Name error icon should NOT be visible expected [false] but found [true]
at pages.checkout.CheckOutInfoPage.inValidFormSubmission(CheckOutInfoPage.java:82)
at tests.checkout.CheckOutInfoTest.testInValidFormSubmission(CheckOutInfoTest.java:54)
at java.base/java.util.ArrayList.forEach(ArrayList.java:1597)
at tests.TestRunner.main(TestRunner.java:25)
... Removed 25 stack frames]]>
    </failure>
  </testcase> <!-- testInValidFormSubmission -->
  <testcase classname="tests.checkout.CheckOutInfoTest" name="testInValidFormSubmission" time="1.164">
    <failure type="java.lang.AssertionError" message="First Name error icon should NOT be visible expected [false] but found [true]">
      <![CDATA[java.lang.AssertionError: First Name error icon should NOT be visible expected [false] but found [true]
at pages.checkout.CheckOutInfoPage.inValidFormSubmission(CheckOutInfoPage.java:76)
at tests.checkout.CheckOutInfoTest.testInValidFormSubmission(CheckOutInfoTest.java:54)
at java.base/java.util.ArrayList.forEach(ArrayList.java:1597)
at tests.TestRunner.main(TestRunner.java:25)
... Removed 25 stack frames]]>
    </failure>
  </testcase> <!-- testInValidFormSubmission -->
  <testcase classname="tests.checkout.CheckOutInfoTest" name="testInValidFormSubmission" time="1.06">
    <failure type="java.lang.AssertionError" message="First Name error icon should NOT be visible expected [false] but found [true]">
      <![CDATA[java.lang.AssertionError: First Name error icon should NOT be visible expected [false] but found [true]
at pages.checkout.CheckOutInfoPage.inValidFormSubmission(CheckOutInfoPage.java:76)
at tests.checkout.CheckOutInfoTest.testInValidFormSubmission(CheckOutInfoTest.java:54)
at java.base/java.util.ArrayList.forEach(ArrayList.java:1597)
at tests.TestRunner.main(TestRunner.java:25)
... Removed 25 stack frames]]>
    </failure>
  </testcase> <!-- testInValidFormSubmission -->
  <testcase classname="tests.checkout.CheckOutInfoTest" name="testInValidFormSubmission" time="1.021"/>
  <testcase classname="tests.base.BaseTest" name="@AfterSuite AfterClass" time="0.0">
    <ignored/>
  </testcase> <!-- @AfterSuite AfterClass -->
  <testcase classname="tests.base.BaseTest" name="@BeforeSuite BeforeClass" time="0.0">
    <ignored/>
  </testcase> <!-- @BeforeSuite BeforeClass -->
  <testcase classname="tests.base.BaseTest" name="@AfterSuite AfterClass" time="0.0">
    <ignored/>
  </testcase> <!-- @AfterSuite AfterClass -->
  <testcase classname="tests.base.BaseTest" name="@BeforeSuite BeforeClass" time="0.0">
    <ignored/>
  </testcase> <!-- @BeforeSuite BeforeClass -->
</testsuite> <!-- Command line test -->
