<?xml version="1.0" encoding="UTF-8"?>
<!-- Generated by org.testng.reporters.JUnitXMLReporter -->
<testsuite ignored="2" hostname="DESKTOP-BUIJLGK" failures="1" tests="3" name="Command line test" time="2.568" errors="0" timestamp="2025-04-08T21:57:44 GMT+02:00">
  <testcase classname="tests.LoginTest" name="testValidLogin" time="1.199"/>
  <testcase classname="tests.home.MenuTest" name="testOpenMenu" time="0.433"/>
  <testcase classname="tests.home.MenuTest" name="testSideBarLinks" time="0.839">
    <failure type="java.lang.AssertionError" message="&amp;apos;Remove&amp;apos; buttons should not be visible after removing all items. expected [true] but found [false]">
      <![CDATA[java.lang.AssertionError: 'Remove' buttons should not be visible after removing all items. expected [true] but found [false]
at pages.home.HomePage.sideBarLinks(HomePage.java:85)
at tests.home.MenuTest.testSideBarLinks(MenuTest.java:42)
at java.base/java.util.ArrayList.forEach(ArrayList.java:1597)
at tests.TestRunner.main(TestRunner.java:20)
... Removed 25 stack frames]]>
    </failure>
  </testcase> <!-- testSideBarLinks -->
  <testcase classname="tests.base.BaseTest" name="@BeforeSuite BeforeClass" time="0.0">
    <ignored/>
  </testcase> <!-- @BeforeSuite BeforeClass -->
  <testcase classname="tests.base.BaseTest" name="@AfterSuite AfterClass" time="0.0">
    <ignored/>
  </testcase> <!-- @AfterSuite AfterClass -->
</testsuite> <!-- Command line test -->
