<?xml version="1.0" encoding="UTF-8"?>
<testng-results ignored="0" total="7" passed="4" failed="3" skipped="0">
  <reporter-output>
  </reporter-output>
  <suite started-at="2025-04-11T21:10:09 GMT+02:00" name="Command line suite" finished-at="2025-04-11T21:10:23 GMT+02:00" duration-ms="14235">
    <groups>
    </groups>
    <test started-at="2025-04-11T21:10:09 GMT+02:00" name="Command line test" finished-at="2025-04-11T21:10:23 GMT+02:00" duration-ms="14235">
      <class name="tests.LoginTest">
        <test-method is-config="true" signature="BeforeClass()[pri:0, instance:tests.LoginTest@50de0926]" started-at="2025-04-11T21:10:01 GMT+02:00" name="BeforeClass" finished-at="2025-04-11T21:10:09 GMT+02:00" duration-ms="7590" status="PASS">
          <reporter-output>
          </reporter-output>
        </test-method> <!-- BeforeClass -->
        <test-method signature="testValidLogin(java.lang.String,java.lang.String,java.lang.String)[pri:1, instance:tests.LoginTest@50de0926]" started-at="2025-04-11T21:10:09 GMT+02:00" name="testValidLogin" data-provider="validData" finished-at="2025-04-11T21:10:10 GMT+02:00" duration-ms="1352" status="PASS">
          <params>
            <param index="0">
              <value>
                <![CDATA[standard_user]]>
              </value>
            </param>
            <param index="1">
              <value>
                <![CDATA[secret_sauce]]>
              </value>
            </param>
            <param index="2">
              <value>
                <![CDATA[https://www.saucedemo.com/inventory.html]]>
              </value>
            </param>
          </params>
          <reporter-output>
          </reporter-output>
        </test-method> <!-- testValidLogin -->
        <test-method is-config="true" signature="AfterClass()[pri:0, instance:tests.LoginTest@50de0926]" started-at="2025-04-11T21:10:23 GMT+02:00" name="AfterClass" finished-at="2025-04-11T21:10:23 GMT+02:00" duration-ms="1" status="PASS">
          <reporter-output>
          </reporter-output>
        </test-method> <!-- AfterClass -->
      </class> <!-- tests.LoginTest -->
      <class name="tests.checkout.CheckOutInfoTest">
        <test-method signature="test()[pri:1, instance:tests.checkout.CheckOutInfoTest@17695df3]" started-at="2025-04-11T21:10:17 GMT+02:00" name="test" finished-at="2025-04-11T21:10:18 GMT+02:00" duration-ms="535" status="PASS">
          <reporter-output>
          </reporter-output>
        </test-method> <!-- test -->
        <test-method signature="testInValidFormSubmission(java.lang.String,java.lang.String,java.lang.String,java.lang.String)[pri:2, instance:tests.checkout.CheckOutInfoTest@17695df3]" started-at="2025-04-11T21:10:18 GMT+02:00" name="testInValidFormSubmission" data-provider="invalidData" finished-at="2025-04-11T21:10:20 GMT+02:00" duration-ms="1687" status="FAIL">
          <params>
            <param index="0">
              <value>
                <![CDATA[]]>
              </value>
            </param>
            <param index="1">
              <value>
                <![CDATA[Last]]>
              </value>
            </param>
            <param index="2">
              <value>
                <![CDATA[12345]]>
              </value>
            </param>
            <param index="3">
              <value>
                <![CDATA[Error: First Name is required]]>
              </value>
            </param>
          </params>
          <exception class="java.lang.AssertionError">
            <message>
              <![CDATA[Last Name error icon should NOT be visible expected [false] but found [true]]]>
            </message>
            <full-stacktrace>
              <![CDATA[java.lang.AssertionError: Last Name error icon should NOT be visible expected [false] but found [true]
at org.testng.Assert.fail(Assert.java:111)
at org.testng.Assert.failNotEquals(Assert.java:1590)
at org.testng.Assert.assertFalse(Assert.java:79)
at pages.checkout.CheckOutInfoPage.inValidFormSubmission(CheckOutInfoPage.java:82)
at tests.checkout.CheckOutInfoTest.testInValidFormSubmission(CheckOutInfoTest.java:54)
at java.base/jdk.internal.reflect.DirectMethodHandleAccessor.invoke(DirectMethodHandleAccessor.java:103)
at java.base/java.lang.reflect.Method.invoke(Method.java:580)
at org.testng.internal.invokers.MethodInvocationHelper.invokeMethod(MethodInvocationHelper.java:141)
at org.testng.internal.invokers.TestInvoker.invokeMethod(TestInvoker.java:687)
at org.testng.internal.invokers.TestInvoker.invokeTestMethod(TestInvoker.java:230)
at org.testng.internal.invokers.MethodRunner.runInSequence(MethodRunner.java:63)
at org.testng.internal.invokers.TestInvoker$MethodInvocationAgent.invoke(TestInvoker.java:995)
at org.testng.internal.invokers.TestInvoker.invokeTestMethods(TestInvoker.java:203)
at org.testng.internal.invokers.TestMethodWorker.invokeTestMethods(TestMethodWorker.java:154)
at org.testng.internal.invokers.TestMethodWorker.run(TestMethodWorker.java:134)
at java.base/java.util.ArrayList.forEach(ArrayList.java:1597)
at org.testng.TestRunner.privateRun(TestRunner.java:741)
at org.testng.TestRunner.run(TestRunner.java:616)
at org.testng.SuiteRunner.runTest(SuiteRunner.java:421)
at org.testng.SuiteRunner.runSequentially(SuiteRunner.java:413)
at org.testng.SuiteRunner.privateRun(SuiteRunner.java:373)
at org.testng.SuiteRunner.run(SuiteRunner.java:312)
at org.testng.SuiteRunnerWorker.runSuite(SuiteRunnerWorker.java:52)
at org.testng.SuiteRunnerWorker.run(SuiteRunnerWorker.java:95)
at org.testng.TestNG.runSuitesSequentially(TestNG.java:1274)
at org.testng.TestNG.runSuitesLocally(TestNG.java:1208)
at org.testng.TestNG.runSuites(TestNG.java:1112)
at org.testng.TestNG.run(TestNG.java:1079)
at tests.TestRunner.main(TestRunner.java:25)
]]>
            </full-stacktrace>
          </exception> <!-- java.lang.AssertionError -->
          <reporter-output>
          </reporter-output>
        </test-method> <!-- testInValidFormSubmission -->
        <test-method signature="testInValidFormSubmission(java.lang.String,java.lang.String,java.lang.String,java.lang.String)[pri:2, instance:tests.checkout.CheckOutInfoTest@17695df3]" started-at="2025-04-11T21:10:20 GMT+02:00" name="testInValidFormSubmission" data-provider="invalidData" finished-at="2025-04-11T21:10:21 GMT+02:00" duration-ms="1164" status="FAIL">
          <params>
            <param index="0">
              <value>
                <![CDATA[First]]>
              </value>
            </param>
            <param index="1">
              <value>
                <![CDATA[]]>
              </value>
            </param>
            <param index="2">
              <value>
                <![CDATA[12345]]>
              </value>
            </param>
            <param index="3">
              <value>
                <![CDATA[Error: Last Name is required]]>
              </value>
            </param>
          </params>
          <exception class="java.lang.AssertionError">
            <message>
              <![CDATA[First Name error icon should NOT be visible expected [false] but found [true]]]>
            </message>
            <full-stacktrace>
              <![CDATA[java.lang.AssertionError: First Name error icon should NOT be visible expected [false] but found [true]
at org.testng.Assert.fail(Assert.java:111)
at org.testng.Assert.failNotEquals(Assert.java:1590)
at org.testng.Assert.assertFalse(Assert.java:79)
at pages.checkout.CheckOutInfoPage.inValidFormSubmission(CheckOutInfoPage.java:76)
at tests.checkout.CheckOutInfoTest.testInValidFormSubmission(CheckOutInfoTest.java:54)
at java.base/jdk.internal.reflect.DirectMethodHandleAccessor.invoke(DirectMethodHandleAccessor.java:103)
at java.base/java.lang.reflect.Method.invoke(Method.java:580)
at org.testng.internal.invokers.MethodInvocationHelper.invokeMethod(MethodInvocationHelper.java:141)
at org.testng.internal.invokers.TestInvoker.invokeMethod(TestInvoker.java:687)
at org.testng.internal.invokers.TestInvoker.invokeTestMethod(TestInvoker.java:230)
at org.testng.internal.invokers.MethodRunner.runInSequence(MethodRunner.java:63)
at org.testng.internal.invokers.TestInvoker$MethodInvocationAgent.invoke(TestInvoker.java:995)
at org.testng.internal.invokers.TestInvoker.invokeTestMethods(TestInvoker.java:203)
at org.testng.internal.invokers.TestMethodWorker.invokeTestMethods(TestMethodWorker.java:154)
at org.testng.internal.invokers.TestMethodWorker.run(TestMethodWorker.java:134)
at java.base/java.util.ArrayList.forEach(ArrayList.java:1597)
at org.testng.TestRunner.privateRun(TestRunner.java:741)
at org.testng.TestRunner.run(TestRunner.java:616)
at org.testng.SuiteRunner.runTest(SuiteRunner.java:421)
at org.testng.SuiteRunner.runSequentially(SuiteRunner.java:413)
at org.testng.SuiteRunner.privateRun(SuiteRunner.java:373)
at org.testng.SuiteRunner.run(SuiteRunner.java:312)
at org.testng.SuiteRunnerWorker.runSuite(SuiteRunnerWorker.java:52)
at org.testng.SuiteRunnerWorker.run(SuiteRunnerWorker.java:95)
at org.testng.TestNG.runSuitesSequentially(TestNG.java:1274)
at org.testng.TestNG.runSuitesLocally(TestNG.java:1208)
at org.testng.TestNG.runSuites(TestNG.java:1112)
at org.testng.TestNG.run(TestNG.java:1079)
at tests.TestRunner.main(TestRunner.java:25)
]]>
            </full-stacktrace>
          </exception> <!-- java.lang.AssertionError -->
          <reporter-output>
          </reporter-output>
        </test-method> <!-- testInValidFormSubmission -->
        <test-method signature="testInValidFormSubmission(java.lang.String,java.lang.String,java.lang.String,java.lang.String)[pri:2, instance:tests.checkout.CheckOutInfoTest@17695df3]" started-at="2025-04-11T21:10:21 GMT+02:00" name="testInValidFormSubmission" data-provider="invalidData" finished-at="2025-04-11T21:10:22 GMT+02:00" duration-ms="1060" status="FAIL">
          <params>
            <param index="0">
              <value>
                <![CDATA[First]]>
              </value>
            </param>
            <param index="1">
              <value>
                <![CDATA[Last]]>
              </value>
            </param>
            <param index="2">
              <value>
                <![CDATA[]]>
              </value>
            </param>
            <param index="3">
              <value>
                <![CDATA[Error: Postal Code is required]]>
              </value>
            </param>
          </params>
          <exception class="java.lang.AssertionError">
            <message>
              <![CDATA[First Name error icon should NOT be visible expected [false] but found [true]]]>
            </message>
            <full-stacktrace>
              <![CDATA[java.lang.AssertionError: First Name error icon should NOT be visible expected [false] but found [true]
at org.testng.Assert.fail(Assert.java:111)
at org.testng.Assert.failNotEquals(Assert.java:1590)
at org.testng.Assert.assertFalse(Assert.java:79)
at pages.checkout.CheckOutInfoPage.inValidFormSubmission(CheckOutInfoPage.java:76)
at tests.checkout.CheckOutInfoTest.testInValidFormSubmission(CheckOutInfoTest.java:54)
at java.base/jdk.internal.reflect.DirectMethodHandleAccessor.invoke(DirectMethodHandleAccessor.java:103)
at java.base/java.lang.reflect.Method.invoke(Method.java:580)
at org.testng.internal.invokers.MethodInvocationHelper.invokeMethod(MethodInvocationHelper.java:141)
at org.testng.internal.invokers.TestInvoker.invokeMethod(TestInvoker.java:687)
at org.testng.internal.invokers.TestInvoker.invokeTestMethod(TestInvoker.java:230)
at org.testng.internal.invokers.MethodRunner.runInSequence(MethodRunner.java:63)
at org.testng.internal.invokers.TestInvoker$MethodInvocationAgent.invoke(TestInvoker.java:995)
at org.testng.internal.invokers.TestInvoker.invokeTestMethods(TestInvoker.java:203)
at org.testng.internal.invokers.TestMethodWorker.invokeTestMethods(TestMethodWorker.java:154)
at org.testng.internal.invokers.TestMethodWorker.run(TestMethodWorker.java:134)
at java.base/java.util.ArrayList.forEach(ArrayList.java:1597)
at org.testng.TestRunner.privateRun(TestRunner.java:741)
at org.testng.TestRunner.run(TestRunner.java:616)
at org.testng.SuiteRunner.runTest(SuiteRunner.java:421)
at org.testng.SuiteRunner.runSequentially(SuiteRunner.java:413)
at org.testng.SuiteRunner.privateRun(SuiteRunner.java:373)
at org.testng.SuiteRunner.run(SuiteRunner.java:312)
at org.testng.SuiteRunnerWorker.runSuite(SuiteRunnerWorker.java:52)
at org.testng.SuiteRunnerWorker.run(SuiteRunnerWorker.java:95)
at org.testng.TestNG.runSuitesSequentially(TestNG.java:1274)
at org.testng.TestNG.runSuitesLocally(TestNG.java:1208)
at org.testng.TestNG.runSuites(TestNG.java:1112)
at org.testng.TestNG.run(TestNG.java:1079)
at tests.TestRunner.main(TestRunner.java:25)
]]>
            </full-stacktrace>
          </exception> <!-- java.lang.AssertionError -->
          <reporter-output>
          </reporter-output>
        </test-method> <!-- testInValidFormSubmission -->
        <test-method signature="testInValidFormSubmission(java.lang.String,java.lang.String,java.lang.String,java.lang.String)[pri:2, instance:tests.checkout.CheckOutInfoTest@17695df3]" started-at="2025-04-11T21:10:22 GMT+02:00" name="testInValidFormSubmission" data-provider="invalidData" finished-at="2025-04-11T21:10:23 GMT+02:00" duration-ms="1021" status="PASS">
          <params>
            <param index="0">
              <value>
                <![CDATA[]]>
              </value>
            </param>
            <param index="1">
              <value>
                <![CDATA[]]>
              </value>
            </param>
            <param index="2">
              <value>
                <![CDATA[]]>
              </value>
            </param>
            <param index="3">
              <value>
                <![CDATA[Error: First Name is required]]>
              </value>
            </param>
          </params>
          <reporter-output>
          </reporter-output>
        </test-method> <!-- testInValidFormSubmission -->
      </class> <!-- tests.checkout.CheckOutInfoTest -->
      <class name="tests.home.AddToCart">
        <test-method signature="addProductsToCart()[pri:0, instance:tests.home.AddToCart@71d15f18]" started-at="2025-04-11T21:10:10 GMT+02:00" name="addProductsToCart" finished-at="2025-04-11T21:10:17 GMT+02:00" duration-ms="7292" status="PASS">
          <reporter-output>
          </reporter-output>
        </test-method> <!-- addProductsToCart -->
      </class> <!-- tests.home.AddToCart -->
    </test> <!-- Command line test -->
  </suite> <!-- Command line suite -->
</testng-results>
