<?xml version="1.0" encoding="UTF-8"?>
<testng-results ignored="22" total="70" passed="39" failed="9" skipped="0">
  <reporter-output>
  </reporter-output>
  <suite started-at="2025-04-14T21:06:26 GMT+02:00" name="E-commerce Suite" finished-at="2025-04-14T21:07:52 GMT+02:00" duration-ms="85691">
    <groups>
    </groups>
    <test started-at="2025-04-14T21:06:26 GMT+02:00" name="FirstTests" finished-at="2025-04-14T21:07:17 GMT+02:00" duration-ms="50528">
      <class name="tests.LoginTest">
        <test-method signature="testInValidLogin(java.lang.String,java.lang.String,java.lang.String)[pri:1, instance:tests.LoginTest@14a2f921]" started-at="2025-04-14T21:06:26 GMT+02:00" name="testInValidLogin" data-provider="invalidData" finished-at="2025-04-14T21:06:33 GMT+02:00" duration-ms="6219" status="FAIL">
          <params>
            <param index="0">
              <value>
                <![CDATA[]]>
              </value>
            </param>
            <param index="1">
              <value>
                <![CDATA[]]>
              </value>
            </param>
            <param index="2">
              <value>
                <![CDATA[😞: Username is required]]>
              </value>
            </param>
          </params>
          <exception class="java.lang.AssertionError">
            <message>
              <![CDATA[Error message does not match for locked out user expected [😞: Username is required] but found [Epic sadface: Username is required]]]>
            </message>
            <full-stacktrace>
              <![CDATA[java.lang.AssertionError: Error message does not match for locked out user expected [😞: Username is required] but found [Epic sadface: Username is required]
at org.testng.Assert.fail(Assert.java:111)
at org.testng.Assert.failNotEquals(Assert.java:1590)
at org.testng.Assert.assertEqualsImpl(Assert.java:150)
at org.testng.Assert.assertEquals(Assert.java:132)
at org.testng.Assert.assertEquals(Assert.java:656)
at pages.LoginPage.login(LoginPage.java:42)
at tests.LoginTest.testInValidLogin(LoginTest.java:45)
at java.base/jdk.internal.reflect.DirectMethodHandleAccessor.invoke(DirectMethodHandleAccessor.java:103)
at java.base/java.lang.reflect.Method.invoke(Method.java:580)
at org.testng.internal.invokers.MethodInvocationHelper.invokeMethod(MethodInvocationHelper.java:141)
at org.testng.internal.invokers.TestInvoker.invokeMethod(TestInvoker.java:687)
at org.testng.internal.invokers.TestInvoker.invokeTestMethod(TestInvoker.java:230)
at org.testng.internal.invokers.MethodRunner.runInSequence(MethodRunner.java:63)
at org.testng.internal.invokers.TestInvoker$MethodInvocationAgent.invoke(TestInvoker.java:995)
at org.testng.internal.invokers.TestInvoker.invokeTestMethods(TestInvoker.java:203)
at org.testng.internal.invokers.TestMethodWorker.invokeTestMethods(TestMethodWorker.java:154)
at org.testng.internal.invokers.TestMethodWorker.run(TestMethodWorker.java:134)
at java.base/java.util.ArrayList.forEach(ArrayList.java:1597)
at org.testng.TestRunner.privateRun(TestRunner.java:741)
at org.testng.TestRunner.run(TestRunner.java:616)
at org.testng.SuiteRunner.runTest(SuiteRunner.java:421)
at org.testng.SuiteRunner.runSequentially(SuiteRunner.java:413)
at org.testng.SuiteRunner.privateRun(SuiteRunner.java:373)
at org.testng.SuiteRunner.run(SuiteRunner.java:312)
at org.testng.SuiteRunnerWorker.runSuite(SuiteRunnerWorker.java:52)
at org.testng.SuiteRunnerWorker.run(SuiteRunnerWorker.java:95)
at org.testng.TestNG.runSuitesSequentially(TestNG.java:1274)
at org.testng.TestNG.runSuitesLocally(TestNG.java:1208)
at org.testng.TestNG.runSuites(TestNG.java:1112)
at org.testng.TestNG.run(TestNG.java:1079)
at tests.TestRunner.main(TestRunner.java:25)
]]>
            </full-stacktrace>
          </exception> <!-- java.lang.AssertionError -->
          <reporter-output>
          </reporter-output>
        </test-method> <!-- testInValidLogin -->
        <test-method signature="testInValidLogin(java.lang.String,java.lang.String,java.lang.String)[pri:1, instance:tests.LoginTest@14a2f921]" started-at="2025-04-14T21:06:33 GMT+02:00" name="testInValidLogin" data-provider="invalidData" finished-at="2025-04-14T21:06:33 GMT+02:00" duration-ms="770" status="FAIL">
          <params>
            <param index="0">
              <value>
                <![CDATA[invalid_user]]>
              </value>
            </param>
            <param index="1">
              <value>
                <![CDATA[]]>
              </value>
            </param>
            <param index="2">
              <value>
                <![CDATA[😞: Password is required]]>
              </value>
            </param>
          </params>
          <exception class="java.lang.AssertionError">
            <message>
              <![CDATA[Error message does not match for locked out user expected [😞: Password is required] but found [Epic sadface: Password is required]]]>
            </message>
            <full-stacktrace>
              <![CDATA[java.lang.AssertionError: Error message does not match for locked out user expected [😞: Password is required] but found [Epic sadface: Password is required]
at org.testng.Assert.fail(Assert.java:111)
at org.testng.Assert.failNotEquals(Assert.java:1590)
at org.testng.Assert.assertEqualsImpl(Assert.java:150)
at org.testng.Assert.assertEquals(Assert.java:132)
at org.testng.Assert.assertEquals(Assert.java:656)
at pages.LoginPage.login(LoginPage.java:42)
at tests.LoginTest.testInValidLogin(LoginTest.java:45)
at java.base/jdk.internal.reflect.DirectMethodHandleAccessor.invoke(DirectMethodHandleAccessor.java:103)
at java.base/java.lang.reflect.Method.invoke(Method.java:580)
at org.testng.internal.invokers.MethodInvocationHelper.invokeMethod(MethodInvocationHelper.java:141)
at org.testng.internal.invokers.TestInvoker.invokeMethod(TestInvoker.java:687)
at org.testng.internal.invokers.TestInvoker.invokeTestMethod(TestInvoker.java:230)
at org.testng.internal.invokers.MethodRunner.runInSequence(MethodRunner.java:63)
at org.testng.internal.invokers.TestInvoker$MethodInvocationAgent.invoke(TestInvoker.java:995)
at org.testng.internal.invokers.TestInvoker.invokeTestMethods(TestInvoker.java:203)
at org.testng.internal.invokers.TestMethodWorker.invokeTestMethods(TestMethodWorker.java:154)
at org.testng.internal.invokers.TestMethodWorker.run(TestMethodWorker.java:134)
at java.base/java.util.ArrayList.forEach(ArrayList.java:1597)
at org.testng.TestRunner.privateRun(TestRunner.java:741)
at org.testng.TestRunner.run(TestRunner.java:616)
at org.testng.SuiteRunner.runTest(SuiteRunner.java:421)
at org.testng.SuiteRunner.runSequentially(SuiteRunner.java:413)
at org.testng.SuiteRunner.privateRun(SuiteRunner.java:373)
at org.testng.SuiteRunner.run(SuiteRunner.java:312)
at org.testng.SuiteRunnerWorker.runSuite(SuiteRunnerWorker.java:52)
at org.testng.SuiteRunnerWorker.run(SuiteRunnerWorker.java:95)
at org.testng.TestNG.runSuitesSequentially(TestNG.java:1274)
at org.testng.TestNG.runSuitesLocally(TestNG.java:1208)
at org.testng.TestNG.runSuites(TestNG.java:1112)
at org.testng.TestNG.run(TestNG.java:1079)
at tests.TestRunner.main(TestRunner.java:25)
]]>
            </full-stacktrace>
          </exception> <!-- java.lang.AssertionError -->
          <reporter-output>
          </reporter-output>
        </test-method> <!-- testInValidLogin -->
        <test-method signature="testInValidLogin(java.lang.String,java.lang.String,java.lang.String)[pri:1, instance:tests.LoginTest@14a2f921]" started-at="2025-04-14T21:06:33 GMT+02:00" name="testInValidLogin" data-provider="invalidData" finished-at="2025-04-14T21:06:34 GMT+02:00" duration-ms="855" status="FAIL">
          <params>
            <param index="0">
              <value>
                <![CDATA[standard_user]]>
              </value>
            </param>
            <param index="1">
              <value>
                <![CDATA[wrong_pass]]>
              </value>
            </param>
            <param index="2">
              <value>
                <![CDATA[😞: Username and password do not match any user in this service]]>
              </value>
            </param>
          </params>
          <exception class="java.lang.AssertionError">
            <message>
              <![CDATA[Error message does not match for locked out user expected [😞: Username and password do not match any user in this service] but found [Epic sadface: Username and password do not match any user in this service]]]>
            </message>
            <full-stacktrace>
              <![CDATA[java.lang.AssertionError: Error message does not match for locked out user expected [😞: Username and password do not match any user in this service] but found [Epic sadface: Username and password do not match any user in this service]
at org.testng.Assert.fail(Assert.java:111)
at org.testng.Assert.failNotEquals(Assert.java:1590)
at org.testng.Assert.assertEqualsImpl(Assert.java:150)
at org.testng.Assert.assertEquals(Assert.java:132)
at org.testng.Assert.assertEquals(Assert.java:656)
at pages.LoginPage.login(LoginPage.java:42)
at tests.LoginTest.testInValidLogin(LoginTest.java:45)
at java.base/jdk.internal.reflect.DirectMethodHandleAccessor.invoke(DirectMethodHandleAccessor.java:103)
at java.base/java.lang.reflect.Method.invoke(Method.java:580)
at org.testng.internal.invokers.MethodInvocationHelper.invokeMethod(MethodInvocationHelper.java:141)
at org.testng.internal.invokers.TestInvoker.invokeMethod(TestInvoker.java:687)
at org.testng.internal.invokers.TestInvoker.invokeTestMethod(TestInvoker.java:230)
at org.testng.internal.invokers.MethodRunner.runInSequence(MethodRunner.java:63)
at org.testng.internal.invokers.TestInvoker$MethodInvocationAgent.invoke(TestInvoker.java:995)
at org.testng.internal.invokers.TestInvoker.invokeTestMethods(TestInvoker.java:203)
at org.testng.internal.invokers.TestMethodWorker.invokeTestMethods(TestMethodWorker.java:154)
at org.testng.internal.invokers.TestMethodWorker.run(TestMethodWorker.java:134)
at java.base/java.util.ArrayList.forEach(ArrayList.java:1597)
at org.testng.TestRunner.privateRun(TestRunner.java:741)
at org.testng.TestRunner.run(TestRunner.java:616)
at org.testng.SuiteRunner.runTest(SuiteRunner.java:421)
at org.testng.SuiteRunner.runSequentially(SuiteRunner.java:413)
at org.testng.SuiteRunner.privateRun(SuiteRunner.java:373)
at org.testng.SuiteRunner.run(SuiteRunner.java:312)
at org.testng.SuiteRunnerWorker.runSuite(SuiteRunnerWorker.java:52)
at org.testng.SuiteRunnerWorker.run(SuiteRunnerWorker.java:95)
at org.testng.TestNG.runSuitesSequentially(TestNG.java:1274)
at org.testng.TestNG.runSuitesLocally(TestNG.java:1208)
at org.testng.TestNG.runSuites(TestNG.java:1112)
at org.testng.TestNG.run(TestNG.java:1079)
at tests.TestRunner.main(TestRunner.java:25)
]]>
            </full-stacktrace>
          </exception> <!-- java.lang.AssertionError -->
          <reporter-output>
          </reporter-output>
        </test-method> <!-- testInValidLogin -->
        <test-method signature="testInValidLogin(java.lang.String,java.lang.String,java.lang.String)[pri:1, instance:tests.LoginTest@14a2f921]" started-at="2025-04-14T21:06:34 GMT+02:00" name="testInValidLogin" data-provider="invalidData" finished-at="2025-04-14T21:06:35 GMT+02:00" duration-ms="715" status="FAIL">
          <params>
            <param index="0">
              <value>
                <![CDATA[test]]>
              </value>
            </param>
            <param index="1">
              <value>
                <![CDATA[1234]]>
              </value>
            </param>
            <param index="2">
              <value>
                <![CDATA[😞: Username and password do not match any user in this service]]>
              </value>
            </param>
          </params>
          <exception class="java.lang.AssertionError">
            <message>
              <![CDATA[Error message does not match for locked out user expected [😞: Username and password do not match any user in this service] but found [Epic sadface: Username and password do not match any user in this service]]]>
            </message>
            <full-stacktrace>
              <![CDATA[java.lang.AssertionError: Error message does not match for locked out user expected [😞: Username and password do not match any user in this service] but found [Epic sadface: Username and password do not match any user in this service]
at org.testng.Assert.fail(Assert.java:111)
at org.testng.Assert.failNotEquals(Assert.java:1590)
at org.testng.Assert.assertEqualsImpl(Assert.java:150)
at org.testng.Assert.assertEquals(Assert.java:132)
at org.testng.Assert.assertEquals(Assert.java:656)
at pages.LoginPage.login(LoginPage.java:42)
at tests.LoginTest.testInValidLogin(LoginTest.java:45)
at java.base/jdk.internal.reflect.DirectMethodHandleAccessor.invoke(DirectMethodHandleAccessor.java:103)
at java.base/java.lang.reflect.Method.invoke(Method.java:580)
at org.testng.internal.invokers.MethodInvocationHelper.invokeMethod(MethodInvocationHelper.java:141)
at org.testng.internal.invokers.TestInvoker.invokeMethod(TestInvoker.java:687)
at org.testng.internal.invokers.TestInvoker.invokeTestMethod(TestInvoker.java:230)
at org.testng.internal.invokers.MethodRunner.runInSequence(MethodRunner.java:63)
at org.testng.internal.invokers.TestInvoker$MethodInvocationAgent.invoke(TestInvoker.java:995)
at org.testng.internal.invokers.TestInvoker.invokeTestMethods(TestInvoker.java:203)
at org.testng.internal.invokers.TestMethodWorker.invokeTestMethods(TestMethodWorker.java:154)
at org.testng.internal.invokers.TestMethodWorker.run(TestMethodWorker.java:134)
at java.base/java.util.ArrayList.forEach(ArrayList.java:1597)
at org.testng.TestRunner.privateRun(TestRunner.java:741)
at org.testng.TestRunner.run(TestRunner.java:616)
at org.testng.SuiteRunner.runTest(SuiteRunner.java:421)
at org.testng.SuiteRunner.runSequentially(SuiteRunner.java:413)
at org.testng.SuiteRunner.privateRun(SuiteRunner.java:373)
at org.testng.SuiteRunner.run(SuiteRunner.java:312)
at org.testng.SuiteRunnerWorker.runSuite(SuiteRunnerWorker.java:52)
at org.testng.SuiteRunnerWorker.run(SuiteRunnerWorker.java:95)
at org.testng.TestNG.runSuitesSequentially(TestNG.java:1274)
at org.testng.TestNG.runSuitesLocally(TestNG.java:1208)
at org.testng.TestNG.runSuites(TestNG.java:1112)
at org.testng.TestNG.run(TestNG.java:1079)
at tests.TestRunner.main(TestRunner.java:25)
]]>
            </full-stacktrace>
          </exception> <!-- java.lang.AssertionError -->
          <reporter-output>
          </reporter-output>
        </test-method> <!-- testInValidLogin -->
        <test-method signature="testValidLogin(java.lang.String,java.lang.String,java.lang.String)[pri:2, instance:tests.LoginTest@14a2f921]" started-at="2025-04-14T21:06:35 GMT+02:00" name="testValidLogin" data-provider="validData" finished-at="2025-04-14T21:06:36 GMT+02:00" duration-ms="922" status="PASS">
          <params>
            <param index="0">
              <value>
                <![CDATA[standard_user]]>
              </value>
            </param>
            <param index="1">
              <value>
                <![CDATA[secret_sauce]]>
              </value>
            </param>
            <param index="2">
              <value>
                <![CDATA[https://www.saucedemo.com/inventory.html]]>
              </value>
            </param>
          </params>
          <reporter-output>
          </reporter-output>
        </test-method> <!-- testValidLogin -->
      </class> <!-- tests.LoginTest -->
      <class name="tests.home.Navigation">
        <test-method signature="navigateProducts()[pri:0, instance:tests.home.Navigation@1d548a08]" started-at="2025-04-14T21:06:36 GMT+02:00" name="navigateProducts" finished-at="2025-04-14T21:06:50 GMT+02:00" duration-ms="13815" status="PASS">
          <reporter-output>
          </reporter-output>
        </test-method> <!-- navigateProducts -->
      </class> <!-- tests.home.Navigation -->
      <class name="tests.home.MenuTest">
        <test-method signature="testOpenMenu()[pri:1, instance:tests.home.MenuTest@50a7bc6e]" started-at="2025-04-14T21:07:10 GMT+02:00" name="testOpenMenu" finished-at="2025-04-14T21:07:10 GMT+02:00" duration-ms="358" status="PASS">
          <reporter-output>
          </reporter-output>
        </test-method> <!-- testOpenMenu -->
        <test-method signature="testSideBarLinks(java.lang.String,java.lang.String)[pri:2, instance:tests.home.MenuTest@50a7bc6e]" started-at="2025-04-14T21:07:10 GMT+02:00" name="testSideBarLinks" data-provider="sidebar" finished-at="2025-04-14T21:07:10 GMT+02:00" duration-ms="315" status="PASS">
          <params>
            <param index="0">
              <value>
                <![CDATA[inventory_sidebar_link]]>
              </value>
            </param>
            <param index="1">
              <value>
                <![CDATA[https://www.saucedemo.com/inventory.html]]>
              </value>
            </param>
          </params>
          <reporter-output>
          </reporter-output>
        </test-method> <!-- testSideBarLinks -->
        <test-method signature="testSideBarLinks(java.lang.String,java.lang.String)[pri:2, instance:tests.home.MenuTest@50a7bc6e]" started-at="2025-04-14T21:07:10 GMT+02:00" name="testSideBarLinks" data-provider="sidebar" finished-at="2025-04-14T21:07:16 GMT+02:00" duration-ms="5629" status="PASS">
          <params>
            <param index="0">
              <value>
                <![CDATA[about_sidebar_link]]>
              </value>
            </param>
            <param index="1">
              <value>
                <![CDATA[https://saucelabs.com/]]>
              </value>
            </param>
          </params>
          <reporter-output>
          </reporter-output>
        </test-method> <!-- testSideBarLinks -->
        <test-method signature="testSideBarLinks(java.lang.String,java.lang.String)[pri:2, instance:tests.home.MenuTest@50a7bc6e]" started-at="2025-04-14T21:07:16 GMT+02:00" name="testSideBarLinks" data-provider="sidebar" finished-at="2025-04-14T21:07:16 GMT+02:00" duration-ms="339" status="FAIL">
          <params>
            <param index="0">
              <value>
                <![CDATA[reset_sidebar_link]]>
              </value>
            </param>
            <param index="1">
              <value>
                <![CDATA[https://www.saucedemo.com/inventory.html]]>
              </value>
            </param>
          </params>
          <exception class="java.lang.AssertionError">
            <message>
              <![CDATA['Remove' buttons should not be visible after removing all items. expected [true] but found [false]]]>
            </message>
            <full-stacktrace>
              <![CDATA[java.lang.AssertionError: 'Remove' buttons should not be visible after removing all items. expected [true] but found [false]
at org.testng.Assert.fail(Assert.java:111)
at org.testng.Assert.failNotEquals(Assert.java:1590)
at org.testng.Assert.assertTrue(Assert.java:57)
at pages.home.HomePage.sideBarLinks(HomePage.java:81)
at tests.home.MenuTest.testSideBarLinks(MenuTest.java:36)
at java.base/jdk.internal.reflect.DirectMethodHandleAccessor.invoke(DirectMethodHandleAccessor.java:103)
at java.base/java.lang.reflect.Method.invoke(Method.java:580)
at org.testng.internal.invokers.MethodInvocationHelper.invokeMethod(MethodInvocationHelper.java:141)
at org.testng.internal.invokers.TestInvoker.invokeMethod(TestInvoker.java:687)
at org.testng.internal.invokers.TestInvoker.invokeTestMethod(TestInvoker.java:230)
at org.testng.internal.invokers.MethodRunner.runInSequence(MethodRunner.java:63)
at org.testng.internal.invokers.TestInvoker$MethodInvocationAgent.invoke(TestInvoker.java:995)
at org.testng.internal.invokers.TestInvoker.invokeTestMethods(TestInvoker.java:203)
at org.testng.internal.invokers.TestMethodWorker.invokeTestMethods(TestMethodWorker.java:154)
at org.testng.internal.invokers.TestMethodWorker.run(TestMethodWorker.java:134)
at java.base/java.util.ArrayList.forEach(ArrayList.java:1597)
at org.testng.TestRunner.privateRun(TestRunner.java:741)
at org.testng.TestRunner.run(TestRunner.java:616)
at org.testng.SuiteRunner.runTest(SuiteRunner.java:421)
at org.testng.SuiteRunner.runSequentially(SuiteRunner.java:413)
at org.testng.SuiteRunner.privateRun(SuiteRunner.java:373)
at org.testng.SuiteRunner.run(SuiteRunner.java:312)
at org.testng.SuiteRunnerWorker.runSuite(SuiteRunnerWorker.java:52)
at org.testng.SuiteRunnerWorker.run(SuiteRunnerWorker.java:95)
at org.testng.TestNG.runSuitesSequentially(TestNG.java:1274)
at org.testng.TestNG.runSuitesLocally(TestNG.java:1208)
at org.testng.TestNG.runSuites(TestNG.java:1112)
at org.testng.TestNG.run(TestNG.java:1079)
at tests.TestRunner.main(TestRunner.java:25)
]]>
            </full-stacktrace>
          </exception> <!-- java.lang.AssertionError -->
          <reporter-output>
          </reporter-output>
        </test-method> <!-- testSideBarLinks -->
        <test-method signature="testSideBarLinks(java.lang.String,java.lang.String)[pri:2, instance:tests.home.MenuTest@50a7bc6e]" started-at="2025-04-14T21:07:16 GMT+02:00" name="testSideBarLinks" data-provider="sidebar" finished-at="2025-04-14T21:07:17 GMT+02:00" duration-ms="296" status="PASS">
          <params>
            <param index="0">
              <value>
                <![CDATA[logout_sidebar_link]]>
              </value>
            </param>
            <param index="1">
              <value>
                <![CDATA[https://www.saucedemo.com/]]>
              </value>
            </param>
          </params>
          <reporter-output>
          </reporter-output>
        </test-method> <!-- testSideBarLinks -->
      </class> <!-- tests.home.MenuTest -->
      <class name="tests.home.FooterTest">
        <test-method signature="testFooter(java.lang.String,java.lang.String)[pri:1, instance:tests.home.FooterTest@780cb77]" started-at="2025-04-14T21:06:59 GMT+02:00" name="testFooter" data-provider="pathSocial" finished-at="2025-04-14T21:06:59 GMT+02:00" duration-ms="495" status="PASS">
          <params>
            <param index="0">
              <value>
                <![CDATA[//*[@id="page_wrapper"]/footer/ul/li[1]/a]]>
              </value>
            </param>
            <param index="1">
              <value>
                <![CDATA[https://twitter.com/saucelabs]]>
              </value>
            </param>
          </params>
          <reporter-output>
          </reporter-output>
        </test-method> <!-- testFooter -->
        <test-method signature="testFooter(java.lang.String,java.lang.String)[pri:1, instance:tests.home.FooterTest@780cb77]" started-at="2025-04-14T21:06:59 GMT+02:00" name="testFooter" data-provider="pathSocial" finished-at="2025-04-14T21:07:00 GMT+02:00" duration-ms="500" status="PASS">
          <params>
            <param index="0">
              <value>
                <![CDATA[//*[@id="page_wrapper"]/footer/ul/li[2]/a]]>
              </value>
            </param>
            <param index="1">
              <value>
                <![CDATA[https://www.facebook.com/saucelabs]]>
              </value>
            </param>
          </params>
          <reporter-output>
          </reporter-output>
        </test-method> <!-- testFooter -->
        <test-method signature="testFooter(java.lang.String,java.lang.String)[pri:1, instance:tests.home.FooterTest@780cb77]" started-at="2025-04-14T21:07:00 GMT+02:00" name="testFooter" data-provider="pathSocial" finished-at="2025-04-14T21:07:01 GMT+02:00" duration-ms="611" status="PASS">
          <params>
            <param index="0">
              <value>
                <![CDATA[//*[@id="page_wrapper"]/footer/ul/li[3]/a]]>
              </value>
            </param>
            <param index="1">
              <value>
                <![CDATA[https://www.linkedin.com/company/sauce-labs/]]>
              </value>
            </param>
          </params>
          <reporter-output>
          </reporter-output>
        </test-method> <!-- testFooter -->
      </class> <!-- tests.home.FooterTest -->
      <class name="tests.home.FiltrationTest">
        <test-method signature="testNameSorting(java.lang.String,java.lang.String)[pri:0, instance:tests.home.FiltrationTest@16aa0a0a]" started-at="2025-04-14T21:06:50 GMT+02:00" name="testNameSorting" data-provider="filterName" finished-at="2025-04-14T21:06:52 GMT+02:00" duration-ms="2322" status="PASS">
          <params>
            <param index="0">
              <value>
                <![CDATA[az]]>
              </value>
            </param>
            <param index="1">
              <value>
                <![CDATA[Products are not sorted by name A to Z.]]>
              </value>
            </param>
          </params>
          <reporter-output>
          </reporter-output>
        </test-method> <!-- testNameSorting -->
        <test-method signature="testNameSorting(java.lang.String,java.lang.String)[pri:0, instance:tests.home.FiltrationTest@16aa0a0a]" started-at="2025-04-14T21:06:52 GMT+02:00" name="testNameSorting" data-provider="filterName" finished-at="2025-04-14T21:06:54 GMT+02:00" duration-ms="2360" status="PASS">
          <params>
            <param index="0">
              <value>
                <![CDATA[za]]>
              </value>
            </param>
            <param index="1">
              <value>
                <![CDATA[Products are not sorted by name Z to A.]]>
              </value>
            </param>
          </params>
          <reporter-output>
          </reporter-output>
        </test-method> <!-- testNameSorting -->
        <test-method signature="testPriceSorting(java.lang.String,java.lang.String)[pri:0, instance:tests.home.FiltrationTest@16aa0a0a]" started-at="2025-04-14T21:06:54 GMT+02:00" name="testPriceSorting" data-provider="filterPrice" finished-at="2025-04-14T21:06:57 GMT+02:00" duration-ms="2315" status="PASS">
          <params>
            <param index="0">
              <value>
                <![CDATA[lohi]]>
              </value>
            </param>
            <param index="1">
              <value>
                <![CDATA[Prices are not sorted from low to high.]]>
              </value>
            </param>
          </params>
          <reporter-output>
          </reporter-output>
        </test-method> <!-- testPriceSorting -->
        <test-method signature="testPriceSorting(java.lang.String,java.lang.String)[pri:0, instance:tests.home.FiltrationTest@16aa0a0a]" started-at="2025-04-14T21:06:57 GMT+02:00" name="testPriceSorting" data-provider="filterPrice" finished-at="2025-04-14T21:06:59 GMT+02:00" duration-ms="2290" status="PASS">
          <params>
            <param index="0">
              <value>
                <![CDATA[hilo]]>
              </value>
            </param>
            <param index="1">
              <value>
                <![CDATA[Prices are not sorted from high to low.]]>
              </value>
            </param>
          </params>
          <reporter-output>
          </reporter-output>
        </test-method> <!-- testPriceSorting -->
      </class> <!-- tests.home.FiltrationTest -->
      <class name="tests.home.AddToCart">
        <test-method signature="addProductsToCart()[pri:0, instance:tests.home.AddToCart@691a7f8f]" started-at="2025-04-14T21:07:01 GMT+02:00" name="addProductsToCart" finished-at="2025-04-14T21:07:10 GMT+02:00" duration-ms="9154" status="PASS">
          <reporter-output>
          </reporter-output>
        </test-method> <!-- addProductsToCart -->
        <test-method signature="VerifyCartCount()[pri:2, instance:tests.home.AddToCart@691a7f8f]" started-at="2025-04-14T21:07:10 GMT+02:00" name="VerifyCartCount" finished-at="2025-04-14T21:07:10 GMT+02:00" duration-ms="48" status="PASS">
          <reporter-output>
          </reporter-output>
        </test-method> <!-- VerifyCartCount -->
      </class> <!-- tests.home.AddToCart -->
    </test> <!-- FirstTests -->
    <test started-at="2025-04-14T21:07:17 GMT+02:00" name="SecondTests" finished-at="2025-04-14T21:07:41 GMT+02:00" duration-ms="23957">
      <class name="tests.YourCartTest">
        <test-method signature="testGoToYourCart()[pri:1, instance:tests.YourCartTest@27ae2fd0]" started-at="2025-04-14T21:07:26 GMT+02:00" name="testGoToYourCart" finished-at="2025-04-14T21:07:26 GMT+02:00" duration-ms="202" status="PASS">
          <reporter-output>
          </reporter-output>
        </test-method> <!-- testGoToYourCart -->
        <test-method signature="testClickOnContinueShopping()[pri:2, instance:tests.YourCartTest@27ae2fd0]" started-at="2025-04-14T21:07:26 GMT+02:00" name="testClickOnContinueShopping" finished-at="2025-04-14T21:07:26 GMT+02:00" duration-ms="287" status="PASS">
          <reporter-output>
          </reporter-output>
        </test-method> <!-- testClickOnContinueShopping -->
        <test-method signature="testTitleOfAllProductInCart()[pri:3, instance:tests.YourCartTest@27ae2fd0]" started-at="2025-04-14T21:07:26 GMT+02:00" name="testTitleOfAllProductInCart" finished-at="2025-04-14T21:07:30 GMT+02:00" duration-ms="3791" status="PASS">
          <reporter-output>
          </reporter-output>
        </test-method> <!-- testTitleOfAllProductInCart -->
        <test-method signature="testClickOnCheckout()[pri:5, instance:tests.YourCartTest@27ae2fd0]" started-at="2025-04-14T21:07:30 GMT+02:00" name="testClickOnCheckout" finished-at="2025-04-14T21:07:30 GMT+02:00" duration-ms="257" status="PASS">
          <reporter-output>
          </reporter-output>
        </test-method> <!-- testClickOnCheckout -->
      </class> <!-- tests.YourCartTest -->
      <class name="tests.LoginTest">
        <test-method signature="testValidLogin(java.lang.String,java.lang.String,java.lang.String)[pri:2, instance:tests.LoginTest@30b7c004]" started-at="2025-04-14T21:07:17 GMT+02:00" name="testValidLogin" data-provider="validData" finished-at="2025-04-14T21:07:18 GMT+02:00" duration-ms="745" status="PASS">
          <params>
            <param index="0">
              <value>
                <![CDATA[standard_user]]>
              </value>
            </param>
            <param index="1">
              <value>
                <![CDATA[secret_sauce]]>
              </value>
            </param>
            <param index="2">
              <value>
                <![CDATA[https://www.saucedemo.com/inventory.html]]>
              </value>
            </param>
          </params>
          <reporter-output>
          </reporter-output>
        </test-method> <!-- testValidLogin -->
      </class> <!-- tests.LoginTest -->
      <class name="tests.checkout.CheckOutOverViewTest">
        <test-method signature="testClickOnCancelBTN()[pri:1, instance:tests.checkout.CheckOutOverViewTest@2f177a4b]" started-at="2025-04-14T21:07:37 GMT+02:00" name="testClickOnCancelBTN" finished-at="2025-04-14T21:07:37 GMT+02:00" duration-ms="258" status="PASS">
          <reporter-output>
          </reporter-output>
        </test-method> <!-- testClickOnCancelBTN -->
        <test-method signature="testCartCalculations()[pri:2, instance:tests.checkout.CheckOutOverViewTest@2f177a4b]" started-at="2025-04-14T21:07:37 GMT+02:00" name="testCartCalculations" finished-at="2025-04-14T21:07:38 GMT+02:00" duration-ms="396" status="PASS">
          <reporter-output>
          </reporter-output>
        </test-method> <!-- testCartCalculations -->
        <test-method signature="testTitleOfAllProductInCart()[pri:3, instance:tests.checkout.CheckOutOverViewTest@2f177a4b]" started-at="2025-04-14T21:07:38 GMT+02:00" name="testTitleOfAllProductInCart" finished-at="2025-04-14T21:07:40 GMT+02:00" duration-ms="2873" status="PASS">
          <reporter-output>
          </reporter-output>
        </test-method> <!-- testTitleOfAllProductInCart -->
        <test-method signature="testClickOnFinishBTN()[pri:4, instance:tests.checkout.CheckOutOverViewTest@2f177a4b]" started-at="2025-04-14T21:07:40 GMT+02:00" name="testClickOnFinishBTN" finished-at="2025-04-14T21:07:41 GMT+02:00" duration-ms="361" status="PASS">
          <reporter-output>
          </reporter-output>
        </test-method> <!-- testClickOnFinishBTN -->
      </class> <!-- tests.checkout.CheckOutOverViewTest -->
      <class name="tests.checkout.CheckOutInfoTest">
        <test-method signature="testGoBack()[pri:2, instance:tests.checkout.CheckOutInfoTest@29176cc1]" started-at="2025-04-14T21:07:30 GMT+02:00" name="testGoBack" finished-at="2025-04-14T21:07:31 GMT+02:00" duration-ms="276" status="PASS">
          <reporter-output>
          </reporter-output>
        </test-method> <!-- testGoBack -->
        <test-method signature="testInValidFormSubmission(java.lang.String,java.lang.String,java.lang.String,java.lang.String)[pri:3, instance:tests.checkout.CheckOutInfoTest@29176cc1]" started-at="2025-04-14T21:07:31 GMT+02:00" name="testInValidFormSubmission" data-provider="invalidData" finished-at="2025-04-14T21:07:32 GMT+02:00" duration-ms="1567" status="FAIL">
          <params>
            <param index="0">
              <value>
                <![CDATA[]]>
              </value>
            </param>
            <param index="1">
              <value>
                <![CDATA[Last]]>
              </value>
            </param>
            <param index="2">
              <value>
                <![CDATA[12345]]>
              </value>
            </param>
            <param index="3">
              <value>
                <![CDATA[Error: First Name is required]]>
              </value>
            </param>
          </params>
          <exception class="java.lang.AssertionError">
            <message>
              <![CDATA[Last Name error icon should NOT be visible expected [false] but found [true]]]>
            </message>
            <full-stacktrace>
              <![CDATA[java.lang.AssertionError: Last Name error icon should NOT be visible expected [false] but found [true]
at org.testng.Assert.fail(Assert.java:111)
at org.testng.Assert.failNotEquals(Assert.java:1590)
at org.testng.Assert.assertFalse(Assert.java:79)
at pages.checkout.CheckOutInfoPage.inValidFormSubmission(CheckOutInfoPage.java:99)
at tests.checkout.CheckOutInfoTest.testInValidFormSubmission(CheckOutInfoTest.java:51)
at java.base/jdk.internal.reflect.DirectMethodHandleAccessor.invoke(DirectMethodHandleAccessor.java:103)
at java.base/java.lang.reflect.Method.invoke(Method.java:580)
at org.testng.internal.invokers.MethodInvocationHelper.invokeMethod(MethodInvocationHelper.java:141)
at org.testng.internal.invokers.TestInvoker.invokeMethod(TestInvoker.java:687)
at org.testng.internal.invokers.TestInvoker.invokeTestMethod(TestInvoker.java:230)
at org.testng.internal.invokers.MethodRunner.runInSequence(MethodRunner.java:63)
at org.testng.internal.invokers.TestInvoker$MethodInvocationAgent.invoke(TestInvoker.java:995)
at org.testng.internal.invokers.TestInvoker.invokeTestMethods(TestInvoker.java:203)
at org.testng.internal.invokers.TestMethodWorker.invokeTestMethods(TestMethodWorker.java:154)
at org.testng.internal.invokers.TestMethodWorker.run(TestMethodWorker.java:134)
at java.base/java.util.ArrayList.forEach(ArrayList.java:1597)
at org.testng.TestRunner.privateRun(TestRunner.java:741)
at org.testng.TestRunner.run(TestRunner.java:616)
at org.testng.SuiteRunner.runTest(SuiteRunner.java:421)
at org.testng.SuiteRunner.runSequentially(SuiteRunner.java:413)
at org.testng.SuiteRunner.privateRun(SuiteRunner.java:373)
at org.testng.SuiteRunner.run(SuiteRunner.java:312)
at org.testng.SuiteRunnerWorker.runSuite(SuiteRunnerWorker.java:52)
at org.testng.SuiteRunnerWorker.run(SuiteRunnerWorker.java:95)
at org.testng.TestNG.runSuitesSequentially(TestNG.java:1274)
at org.testng.TestNG.runSuitesLocally(TestNG.java:1208)
at org.testng.TestNG.runSuites(TestNG.java:1112)
at org.testng.TestNG.run(TestNG.java:1079)
at tests.TestRunner.main(TestRunner.java:25)
]]>
            </full-stacktrace>
          </exception> <!-- java.lang.AssertionError -->
          <reporter-output>
          </reporter-output>
        </test-method> <!-- testInValidFormSubmission -->
        <test-method signature="testInValidFormSubmission(java.lang.String,java.lang.String,java.lang.String,java.lang.String)[pri:3, instance:tests.checkout.CheckOutInfoTest@29176cc1]" started-at="2025-04-14T21:07:32 GMT+02:00" name="testInValidFormSubmission" data-provider="invalidData" finished-at="2025-04-14T21:07:33 GMT+02:00" duration-ms="1239" status="FAIL">
          <params>
            <param index="0">
              <value>
                <![CDATA[First]]>
              </value>
            </param>
            <param index="1">
              <value>
                <![CDATA[]]>
              </value>
            </param>
            <param index="2">
              <value>
                <![CDATA[12345]]>
              </value>
            </param>
            <param index="3">
              <value>
                <![CDATA[Error: Last Name is required]]>
              </value>
            </param>
          </params>
          <exception class="java.lang.AssertionError">
            <message>
              <![CDATA[First Name error icon should NOT be visible expected [false] but found [true]]]>
            </message>
            <full-stacktrace>
              <![CDATA[java.lang.AssertionError: First Name error icon should NOT be visible expected [false] but found [true]
at org.testng.Assert.fail(Assert.java:111)
at org.testng.Assert.failNotEquals(Assert.java:1590)
at org.testng.Assert.assertFalse(Assert.java:79)
at pages.checkout.CheckOutInfoPage.inValidFormSubmission(CheckOutInfoPage.java:93)
at tests.checkout.CheckOutInfoTest.testInValidFormSubmission(CheckOutInfoTest.java:51)
at java.base/jdk.internal.reflect.DirectMethodHandleAccessor.invoke(DirectMethodHandleAccessor.java:103)
at java.base/java.lang.reflect.Method.invoke(Method.java:580)
at org.testng.internal.invokers.MethodInvocationHelper.invokeMethod(MethodInvocationHelper.java:141)
at org.testng.internal.invokers.TestInvoker.invokeMethod(TestInvoker.java:687)
at org.testng.internal.invokers.TestInvoker.invokeTestMethod(TestInvoker.java:230)
at org.testng.internal.invokers.MethodRunner.runInSequence(MethodRunner.java:63)
at org.testng.internal.invokers.TestInvoker$MethodInvocationAgent.invoke(TestInvoker.java:995)
at org.testng.internal.invokers.TestInvoker.invokeTestMethods(TestInvoker.java:203)
at org.testng.internal.invokers.TestMethodWorker.invokeTestMethods(TestMethodWorker.java:154)
at org.testng.internal.invokers.TestMethodWorker.run(TestMethodWorker.java:134)
at java.base/java.util.ArrayList.forEach(ArrayList.java:1597)
at org.testng.TestRunner.privateRun(TestRunner.java:741)
at org.testng.TestRunner.run(TestRunner.java:616)
at org.testng.SuiteRunner.runTest(SuiteRunner.java:421)
at org.testng.SuiteRunner.runSequentially(SuiteRunner.java:413)
at org.testng.SuiteRunner.privateRun(SuiteRunner.java:373)
at org.testng.SuiteRunner.run(SuiteRunner.java:312)
at org.testng.SuiteRunnerWorker.runSuite(SuiteRunnerWorker.java:52)
at org.testng.SuiteRunnerWorker.run(SuiteRunnerWorker.java:95)
at org.testng.TestNG.runSuitesSequentially(TestNG.java:1274)
at org.testng.TestNG.runSuitesLocally(TestNG.java:1208)
at org.testng.TestNG.runSuites(TestNG.java:1112)
at org.testng.TestNG.run(TestNG.java:1079)
at tests.TestRunner.main(TestRunner.java:25)
]]>
            </full-stacktrace>
          </exception> <!-- java.lang.AssertionError -->
          <reporter-output>
          </reporter-output>
        </test-method> <!-- testInValidFormSubmission -->
        <test-method signature="testInValidFormSubmission(java.lang.String,java.lang.String,java.lang.String,java.lang.String)[pri:3, instance:tests.checkout.CheckOutInfoTest@29176cc1]" started-at="2025-04-14T21:07:33 GMT+02:00" name="testInValidFormSubmission" data-provider="invalidData" finished-at="2025-04-14T21:07:35 GMT+02:00" duration-ms="1302" status="FAIL">
          <params>
            <param index="0">
              <value>
                <![CDATA[First]]>
              </value>
            </param>
            <param index="1">
              <value>
                <![CDATA[Last]]>
              </value>
            </param>
            <param index="2">
              <value>
                <![CDATA[]]>
              </value>
            </param>
            <param index="3">
              <value>
                <![CDATA[Error: Postal Code is required]]>
              </value>
            </param>
          </params>
          <exception class="java.lang.AssertionError">
            <message>
              <![CDATA[First Name error icon should NOT be visible expected [false] but found [true]]]>
            </message>
            <full-stacktrace>
              <![CDATA[java.lang.AssertionError: First Name error icon should NOT be visible expected [false] but found [true]
at org.testng.Assert.fail(Assert.java:111)
at org.testng.Assert.failNotEquals(Assert.java:1590)
at org.testng.Assert.assertFalse(Assert.java:79)
at pages.checkout.CheckOutInfoPage.inValidFormSubmission(CheckOutInfoPage.java:93)
at tests.checkout.CheckOutInfoTest.testInValidFormSubmission(CheckOutInfoTest.java:51)
at java.base/jdk.internal.reflect.DirectMethodHandleAccessor.invoke(DirectMethodHandleAccessor.java:103)
at java.base/java.lang.reflect.Method.invoke(Method.java:580)
at org.testng.internal.invokers.MethodInvocationHelper.invokeMethod(MethodInvocationHelper.java:141)
at org.testng.internal.invokers.TestInvoker.invokeMethod(TestInvoker.java:687)
at org.testng.internal.invokers.TestInvoker.invokeTestMethod(TestInvoker.java:230)
at org.testng.internal.invokers.MethodRunner.runInSequence(MethodRunner.java:63)
at org.testng.internal.invokers.TestInvoker$MethodInvocationAgent.invoke(TestInvoker.java:995)
at org.testng.internal.invokers.TestInvoker.invokeTestMethods(TestInvoker.java:203)
at org.testng.internal.invokers.TestMethodWorker.invokeTestMethods(TestMethodWorker.java:154)
at org.testng.internal.invokers.TestMethodWorker.run(TestMethodWorker.java:134)
at java.base/java.util.ArrayList.forEach(ArrayList.java:1597)
at org.testng.TestRunner.privateRun(TestRunner.java:741)
at org.testng.TestRunner.run(TestRunner.java:616)
at org.testng.SuiteRunner.runTest(SuiteRunner.java:421)
at org.testng.SuiteRunner.runSequentially(SuiteRunner.java:413)
at org.testng.SuiteRunner.privateRun(SuiteRunner.java:373)
at org.testng.SuiteRunner.run(SuiteRunner.java:312)
at org.testng.SuiteRunnerWorker.runSuite(SuiteRunnerWorker.java:52)
at org.testng.SuiteRunnerWorker.run(SuiteRunnerWorker.java:95)
at org.testng.TestNG.runSuitesSequentially(TestNG.java:1274)
at org.testng.TestNG.runSuitesLocally(TestNG.java:1208)
at org.testng.TestNG.runSuites(TestNG.java:1112)
at org.testng.TestNG.run(TestNG.java:1079)
at tests.TestRunner.main(TestRunner.java:25)
]]>
            </full-stacktrace>
          </exception> <!-- java.lang.AssertionError -->
          <reporter-output>
          </reporter-output>
        </test-method> <!-- testInValidFormSubmission -->
        <test-method signature="testInValidFormSubmission(java.lang.String,java.lang.String,java.lang.String,java.lang.String)[pri:3, instance:tests.checkout.CheckOutInfoTest@29176cc1]" started-at="2025-04-14T21:07:35 GMT+02:00" name="testInValidFormSubmission" data-provider="invalidData" finished-at="2025-04-14T21:07:36 GMT+02:00" duration-ms="1001" status="PASS">
          <params>
            <param index="0">
              <value>
                <![CDATA[]]>
              </value>
            </param>
            <param index="1">
              <value>
                <![CDATA[]]>
              </value>
            </param>
            <param index="2">
              <value>
                <![CDATA[]]>
              </value>
            </param>
            <param index="3">
              <value>
                <![CDATA[Error: First Name is required]]>
              </value>
            </param>
          </params>
          <reporter-output>
          </reporter-output>
        </test-method> <!-- testInValidFormSubmission -->
        <test-method signature="testInValidFormSubmission(java.lang.String,java.lang.String,java.lang.String,java.lang.String)[pri:3, instance:tests.checkout.CheckOutInfoTest@29176cc1]" started-at="2025-04-14T21:07:36 GMT+02:00" name="testInValidFormSubmission" data-provider="invalidData" finished-at="2025-04-14T21:07:37 GMT+02:00" duration-ms="1140" status="FAIL">
          <params>
            <param index="0">
              <value>
                <![CDATA[11]]>
              </value>
            </param>
            <param index="1">
              <value>
                <![CDATA[22]]>
              </value>
            </param>
            <param index="2">
              <value>
                <![CDATA[12]]>
              </value>
            </param>
            <param index="3">
              <value>
                <![CDATA[first name and last name field should not accept numbers!]]>
              </value>
            </param>
          </params>
          <exception class="java.lang.AssertionError">
            <message>
              <![CDATA[first name and last name field should not accept numbers! expected [https://www.saucedemo.com/checkout-step-one.html] but found [https://www.saucedemo.com/checkout-step-two.html]]]>
            </message>
            <full-stacktrace>
              <![CDATA[java.lang.AssertionError: first name and last name field should not accept numbers! expected [https://www.saucedemo.com/checkout-step-one.html] but found [https://www.saucedemo.com/checkout-step-two.html]
at org.testng.Assert.fail(Assert.java:111)
at org.testng.Assert.failNotEquals(Assert.java:1590)
at org.testng.Assert.assertEqualsImpl(Assert.java:150)
at org.testng.Assert.assertEquals(Assert.java:132)
at org.testng.Assert.assertEquals(Assert.java:656)
at pages.checkout.CheckOutInfoPage.inValidFormSubmission(CheckOutInfoPage.java:72)
at tests.checkout.CheckOutInfoTest.testInValidFormSubmission(CheckOutInfoTest.java:51)
at java.base/jdk.internal.reflect.DirectMethodHandleAccessor.invoke(DirectMethodHandleAccessor.java:103)
at java.base/java.lang.reflect.Method.invoke(Method.java:580)
at org.testng.internal.invokers.MethodInvocationHelper.invokeMethod(MethodInvocationHelper.java:141)
at org.testng.internal.invokers.TestInvoker.invokeMethod(TestInvoker.java:687)
at org.testng.internal.invokers.TestInvoker.invokeTestMethod(TestInvoker.java:230)
at org.testng.internal.invokers.MethodRunner.runInSequence(MethodRunner.java:63)
at org.testng.internal.invokers.TestInvoker$MethodInvocationAgent.invoke(TestInvoker.java:995)
at org.testng.internal.invokers.TestInvoker.invokeTestMethods(TestInvoker.java:203)
at org.testng.internal.invokers.TestMethodWorker.invokeTestMethods(TestMethodWorker.java:154)
at org.testng.internal.invokers.TestMethodWorker.run(TestMethodWorker.java:134)
at java.base/java.util.ArrayList.forEach(ArrayList.java:1597)
at org.testng.TestRunner.privateRun(TestRunner.java:741)
at org.testng.TestRunner.run(TestRunner.java:616)
at org.testng.SuiteRunner.runTest(SuiteRunner.java:421)
at org.testng.SuiteRunner.runSequentially(SuiteRunner.java:413)
at org.testng.SuiteRunner.privateRun(SuiteRunner.java:373)
at org.testng.SuiteRunner.run(SuiteRunner.java:312)
at org.testng.SuiteRunnerWorker.runSuite(SuiteRunnerWorker.java:52)
at org.testng.SuiteRunnerWorker.run(SuiteRunnerWorker.java:95)
at org.testng.TestNG.runSuitesSequentially(TestNG.java:1274)
at org.testng.TestNG.runSuitesLocally(TestNG.java:1208)
at org.testng.TestNG.runSuites(TestNG.java:1112)
at org.testng.TestNG.run(TestNG.java:1079)
at tests.TestRunner.main(TestRunner.java:25)
]]>
            </full-stacktrace>
          </exception> <!-- java.lang.AssertionError -->
          <reporter-output>
          </reporter-output>
        </test-method> <!-- testInValidFormSubmission -->
      </class> <!-- tests.checkout.CheckOutInfoTest -->
      <class name="tests.home.MenuTest">
        <test-method signature="testOpenMenu()[pri:1, instance:tests.home.MenuTest@79efed2d]" started-at="2025-04-14T21:07:18 GMT+02:00" name="testOpenMenu" finished-at="2025-04-14T21:07:18 GMT+02:00" duration-ms="299" status="PASS">
          <reporter-output>
          </reporter-output>
        </test-method> <!-- testOpenMenu -->
        <test-method signature="testCloseMenu()[pri:3, instance:tests.home.MenuTest@79efed2d]" started-at="2025-04-14T21:07:18 GMT+02:00" name="testCloseMenu" finished-at="2025-04-14T21:07:19 GMT+02:00" duration-ms="858" status="PASS">
          <reporter-output>
          </reporter-output>
        </test-method> <!-- testCloseMenu -->
      </class> <!-- tests.home.MenuTest -->
      <class name="tests.home.AddToCart">
        <test-method signature="addProductsToCart()[pri:0, instance:tests.home.AddToCart@2928854b]" started-at="2025-04-14T21:07:19 GMT+02:00" name="addProductsToCart" finished-at="2025-04-14T21:07:26 GMT+02:00" duration-ms="7036" status="PASS">
          <reporter-output>
          </reporter-output>
        </test-method> <!-- addProductsToCart -->
        <test-method signature="VerifyCartCount()[pri:2, instance:tests.home.AddToCart@2928854b]" started-at="2025-04-14T21:07:26 GMT+02:00" name="VerifyCartCount" finished-at="2025-04-14T21:07:26 GMT+02:00" duration-ms="34" status="PASS">
          <reporter-output>
          </reporter-output>
        </test-method> <!-- VerifyCartCount -->
      </class> <!-- tests.home.AddToCart -->
    </test> <!-- SecondTests -->
    <test started-at="2025-04-14T21:07:41 GMT+02:00" name="ThirdTests" finished-at="2025-04-14T21:07:52 GMT+02:00" duration-ms="10985">
      <class name="tests.YourCartTest">
        <test-method signature="testGoToYourCart()[pri:1, instance:tests.YourCartTest@124c278f]" started-at="2025-04-14T21:07:48 GMT+02:00" name="testGoToYourCart" finished-at="2025-04-14T21:07:49 GMT+02:00" duration-ms="200" status="PASS">
          <reporter-output>
          </reporter-output>
        </test-method> <!-- testGoToYourCart -->
        <test-method signature="testRemoveCart()[pri:4, instance:tests.YourCartTest@124c278f]" started-at="2025-04-14T21:07:49 GMT+02:00" name="testRemoveCart" finished-at="2025-04-14T21:07:50 GMT+02:00" duration-ms="1436" status="PASS">
          <reporter-output>
          </reporter-output>
        </test-method> <!-- testRemoveCart -->
        <test-method signature="testClickOnCheckout()[pri:5, instance:tests.YourCartTest@124c278f]" started-at="2025-04-14T21:07:50 GMT+02:00" name="testClickOnCheckout" finished-at="2025-04-14T21:07:50 GMT+02:00" duration-ms="233" status="PASS">
          <reporter-output>
          </reporter-output>
        </test-method> <!-- testClickOnCheckout -->
      </class> <!-- tests.YourCartTest -->
      <class name="tests.LoginTest">
        <test-method signature="testGotTOHomePage()[pri:0, instance:tests.LoginTest@147ed70f]" started-at="2025-04-14T21:07:41 GMT+02:00" name="testGotTOHomePage" finished-at="2025-04-14T21:07:41 GMT+02:00" duration-ms="122" status="PASS">
          <reporter-output>
          </reporter-output>
        </test-method> <!-- testGotTOHomePage -->
      </class> <!-- tests.LoginTest -->
      <class name="tests.checkout.CheckOutOverViewTest">
        <test-method signature="testCartCalculations()[pri:2, instance:tests.checkout.CheckOutOverViewTest@77167fb7]" started-at="2025-04-14T21:07:51 GMT+02:00" name="testCartCalculations" finished-at="2025-04-14T21:07:51 GMT+02:00" duration-ms="129" status="PASS">
          <reporter-output>
          </reporter-output>
        </test-method> <!-- testCartCalculations -->
        <test-method signature="testClickOnFinishBTN()[pri:4, instance:tests.checkout.CheckOutOverViewTest@77167fb7]" started-at="2025-04-14T21:07:51 GMT+02:00" name="testClickOnFinishBTN" finished-at="2025-04-14T21:07:52 GMT+02:00" duration-ms="407" status="PASS">
          <reporter-output>
          </reporter-output>
        </test-method> <!-- testClickOnFinishBTN -->
      </class> <!-- tests.checkout.CheckOutOverViewTest -->
      <class name="tests.checkout.CheckOutInfoTest">
        <test-method signature="testValidFormSubmission(java.lang.String,java.lang.String,java.lang.String,java.lang.String)[pri:4, instance:tests.checkout.CheckOutInfoTest@15b204a1]" started-at="2025-04-14T21:07:50 GMT+02:00" name="testValidFormSubmission" data-provider="validData" finished-at="2025-04-14T21:07:51 GMT+02:00" duration-ms="1012" status="PASS">
          <params>
            <param index="0">
              <value>
                <![CDATA[test first]]>
              </value>
            </param>
            <param index="1">
              <value>
                <![CDATA[test last]]>
              </value>
            </param>
            <param index="2">
              <value>
                <![CDATA[12345]]>
              </value>
            </param>
            <param index="3">
              <value>
                <![CDATA[https://www.saucedemo.com/checkout-step-two.html]]>
              </value>
            </param>
          </params>
          <reporter-output>
          </reporter-output>
        </test-method> <!-- testValidFormSubmission -->
      </class> <!-- tests.checkout.CheckOutInfoTest -->
      <class name="tests.home.AddToCart">
        <test-method signature="addProductsToCart()[pri:0, instance:tests.home.AddToCart@61dd025]" started-at="2025-04-14T21:07:41 GMT+02:00" name="addProductsToCart" finished-at="2025-04-14T21:07:48 GMT+02:00" duration-ms="7381" status="PASS">
          <reporter-output>
          </reporter-output>
        </test-method> <!-- addProductsToCart -->
        <test-method signature="VerifyCartCount()[pri:2, instance:tests.home.AddToCart@61dd025]" started-at="2025-04-14T21:07:48 GMT+02:00" name="VerifyCartCount" finished-at="2025-04-14T21:07:48 GMT+02:00" duration-ms="50" status="PASS">
          <reporter-output>
          </reporter-output>
        </test-method> <!-- VerifyCartCount -->
      </class> <!-- tests.home.AddToCart -->
    </test> <!-- ThirdTests -->
    <test started-at="2025-04-14T21:07:52 GMT+02:00" name="CleanupTest" finished-at="2025-04-14T21:07:52 GMT+02:00" duration-ms="0">
      <class name="tests.TestCleanup">
        <test-method is-config="true" signature="afterSuite()[pri:0, instance:tests.TestCleanup@5dd6264]" started-at="2025-04-14T21:07:52 GMT+02:00" name="afterSuite" finished-at="2025-04-14T21:07:52 GMT+02:00" duration-ms="357" status="PASS">
          <reporter-output>
          </reporter-output>
        </test-method> <!-- afterSuite -->
      </class> <!-- tests.TestCleanup -->
    </test> <!-- CleanupTest -->
  </suite> <!-- E-commerce Suite -->
</testng-results>
